c:\src\vc\sipws\sipws\sipws\debug\vc120.pdb
c:\src\vc\sipws\sipws\sipws\debug\vc120.idb
c:\src\vc\sipws\sipws\sipws\debug\configwslistener.obj
c:\src\vc\sipws\sipws\sipws\debug\connectionmetadata.obj
c:\src\vc\sipws\sipws\sipws\debug\consolelocale.obj
c:\src\vc\sipws\sipws\sipws\debug\consolesession.obj
c:\src\vc\sipws\sipws\sipws\debug\signalhandler.obj
c:\src\vc\sipws\sipws\sipws\debug\websocketendpoint.obj
c:\src\vc\sipws\sipws\sipws\debug\sipws.obj
c:\src\vc\sipws\sipws\sipws\debug\wslistener.obj
c:\src\vc\sipws\sipws\sipws\debug\httplistener.obj
c:\src\vc\sipws\sipws\sipws\debug\registryresponse.obj
c:\src\vc\sipws\sipws\sipws\debug\registryrequest.obj
c:\src\vc\sipws\sipws\sipws\debug\registryentry.obj
c:\src\vc\sipws\sipws\sipws\debug\sipregistry.obj
c:\src\vc\sipws\sipws\sipws\debug\sipaddress.obj
c:\src\vc\sipws\sipws\sipws\debug\sipwsutil.obj
c:\src\vc\sipws\sipws\debug\sipws.ilk
c:\src\vc\sipws\sipws\debug\sipws.exe
c:\src\vc\sipws\sipws\debug\sipws.pdb
c:\src\vc\sipws\sipws\sipws\debug\sipws.tlog\cl.command.1.tlog
c:\src\vc\sipws\sipws\sipws\debug\sipws.tlog\cl.read.1.tlog
c:\src\vc\sipws\sipws\sipws\debug\sipws.tlog\cl.write.1.tlog
c:\src\vc\sipws\sipws\sipws\debug\sipws.tlog\link.command.1.tlog
c:\src\vc\sipws\sipws\sipws\debug\sipws.tlog\link.read.1.tlog
c:\src\vc\sipws\sipws\sipws\debug\sipws.tlog\link.write.1.tlog
